2017-11-16 23:55:53,306 0    [http-nio-8080-exec-6] ERROR edu.matc.controller.ClientZipCodeAPI  - Zip code 53712 does not exist
2017-11-17 00:16:02,705 0    [http-nio-8080-exec-9] ERROR edu.matc.controller.ClientZipCodeAPI  - Zip code 53712 does not exist
2017-11-17 00:24:15,204 0    [http-nio-8080-exec-9] ERROR edu.matc.controller.ClientZipCodeAPI  - Zip code 53712 does not exist
2017-11-17 00:24:36,638 21434 [http-nio-8080-exec-3] ERROR edu.matc.controller.ClientZipCodeAPI  - Bad or invalid Zipcode 121
2017-11-17 00:29:51,961 1    [http-nio-8080-exec-1] ERROR edu.matc.controller.ClientZipCodeAPI  - Zip code 53712 does not exist
2017-11-17 00:37:46,598 1    [http-nio-8080-exec-6] ERROR edu.matc.controller.ClientZipCodeAPI  - Zip code 53712 does not exist
2017-11-17 00:38:22,562 35965 [http-nio-8080-exec-9] ERROR edu.matc.controller.ClientZipCodeAPI  - Bad or invalid Zipcode aaaaa
2017-11-17 00:43:02,216 0    [http-nio-8080-exec-2] ERROR edu.matc.controller.ClientZipCodeAPI  - Zip code 53712 does not exist
2017-11-17 00:43:28,205 25989 [http-nio-8080-exec-4] ERROR edu.matc.controller.ClientZipCodeAPI  - Bad or invalid Zipcode aaaaa
2017-11-17 00:44:02,110 59894 [http-nio-8080-exec-4] ERROR edu.matc.controller.ClientZipCodeAPI  - Zip code 54704 does not exist
2017-11-17 00:44:04,941 62725 [http-nio-8080-exec-6] ERROR edu.matc.controller.ClientZipCodeAPI  - Zip code 54704 does not exist
2017-11-17 00:44:08,137 65921 [http-nio-8080-exec-8] ERROR edu.matc.controller.ClientZipCodeAPI  - Zip code 54704 does not exist
2017-11-17 00:51:12,267 0    [http-nio-8080-exec-10] ERROR edu.matc.controller.ClientZipCodeAPI  - Zip code 53720 does not exist
2017-11-17 00:52:19,347 67080 [http-nio-8080-exec-4] ERROR edu.matc.controller.ClientZipCodeAPI  - Bad or invalid Zipcode ffafa
2017-11-17 01:13:39,702 0    [http-nio-8080-exec-10] ERROR edu.matc.controller.ClientZipCodeAPI  - Zip code 53720 does not exist
2017-11-17 01:15:16,780 97078 [http-nio-8080-exec-2] ERROR edu.matc.controller.ClientZipCodeAPI  - Zip code 53712 does not exist
2017-11-17 01:15:29,535 109833 [http-nio-8080-exec-4] ERROR edu.matc.controller.ClientZipCodeAPI  - Bad or invalid Zipcode 555
2017-11-17 01:15:40,128 120426 [http-nio-8080-exec-6] ERROR edu.matc.controller.ClientZipCodeAPI  - Zip code 20000 does not exist
2017-11-17 01:16:42,324 182622 [http-nio-8080-exec-6] ERROR edu.matc.controller.ClientZipCodeAPI  - Zip code 53712 does not exist
2017-11-17 01:46:51,298 0    [http-nio-8080-exec-10] ERROR edu.matc.controller.ClientZipCodeAPI  - Zip code 53720 does not exist
2017-11-18 10:27:53,049 0    [http-nio-8080-exec-4] ERROR edu.matc.controller.ClientZipCodeAPI  - Bad or invalid Zipcode 111
2017-11-18 10:28:01,692 8643 [http-nio-8080-exec-6] ERROR edu.matc.controller.ClientZipCodeAPI  - Zip code 11111 does not exist
2017-11-18 10:28:56,346 63297 [http-nio-8080-exec-4] ERROR edu.matc.controller.ClientZipCodeAPI  - Bad or invalid Zipcode aaaaa
2017-11-18 11:28:05,574 0    [http-nio-8080-exec-2] ERROR edu.matc.controller.ClientZipCodeAPI  - Zip code 11111 does not exist
2017-11-18 11:29:16,609 71035 [http-nio-8080-exec-4] ERROR edu.matc.controller.ClientZipCodeAPI  - Zip code 11111 does not exist
2017-11-18 11:33:42,163 0    [http-nio-8080-exec-2] ERROR edu.matc.controller.ClientZipCodeAPI  - Bad or invalid Zipcode aaa
2017-11-18 11:33:47,250 5087 [http-nio-8080-exec-3] ERROR edu.matc.controller.ClientZipCodeAPI  - Zip code 11111 does not exist
2017-11-18 11:33:59,776 17613 [http-nio-8080-exec-5] ERROR edu.matc.controller.ClientZipCodeAPI  - Zip code 53712 does not exist
2017-11-18 11:39:18,539 0    [http-nio-8080-exec-1] ERROR edu.matc.controller.ClientZipCodeAPI  - Zip code 53712 does not exist
2017-11-18 11:39:48,885 30346 [http-nio-8080-exec-4] ERROR edu.matc.controller.ClientZipCodeAPI  - Bad or invalid Zipcode 555
2017-11-18 11:39:58,214 39675 [http-nio-8080-exec-6] ERROR edu.matc.controller.ClientZipCodeAPI  - Bad or invalid Zipcode 1234
2017-11-18 12:00:51,120 1    [http-nio-8080-exec-10] ERROR edu.matc.controller.ClientZipCodeAPI  - Bad or invalid Zipcode 11
2017-11-18 12:24:36,871 0    [http-nio-8080-exec-3] ERROR org.hibernate.engine.jdbc.spi.SqlExceptionHelper  - Column 'addr_id' cannot be null
2017-11-18 12:24:36,889 18   [http-nio-8080-exec-3] ERROR edu.matc.persistence.StaffDao  - Error adding a new staff
org.hibernate.exception.ConstraintViolationException: could not execute statement
	at org.hibernate.exception.internal.SQLExceptionTypeDelegate.convert(SQLExceptionTypeDelegate.java:72)
	at org.hibernate.exception.internal.StandardSQLExceptionConverter.convert(StandardSQLExceptionConverter.java:49)
	at org.hibernate.engine.jdbc.spi.SqlExceptionHelper.convert(SqlExceptionHelper.java:126)
	at org.hibernate.engine.jdbc.spi.SqlExceptionHelper.convert(SqlExceptionHelper.java:112)
	at org.hibernate.engine.jdbc.internal.ResultSetReturnImpl.executeUpdate(ResultSetReturnImpl.java:211)
	at org.hibernate.engine.jdbc.batch.internal.NonBatchingBatch.addToBatch(NonBatchingBatch.java:62)
	at org.hibernate.persister.entity.AbstractEntityPersister.insert(AbstractEntityPersister.java:3124)
	at org.hibernate.persister.entity.AbstractEntityPersister.insert(AbstractEntityPersister.java:3581)
	at org.hibernate.action.internal.EntityInsertAction.execute(EntityInsertAction.java:104)
	at org.hibernate.engine.spi.ActionQueue.executeActions(ActionQueue.java:465)
	at org.hibernate.engine.spi.ActionQueue.executeActions(ActionQueue.java:351)
	at org.hibernate.event.internal.AbstractFlushingEventListener.performExecutions(AbstractFlushingEventListener.java:350)
	at org.hibernate.event.internal.DefaultFlushEventListener.onFlush(DefaultFlushEventListener.java:56)
	at org.hibernate.internal.SessionImpl.flush(SessionImpl.java:1258)
	at org.hibernate.internal.SessionImpl.managedFlush(SessionImpl.java:425)
	at org.hibernate.engine.transaction.internal.jdbc.JdbcTransaction.beforeTransactionCommit(JdbcTransaction.java:101)
	at org.hibernate.engine.transaction.spi.AbstractTransactionImpl.commit(AbstractTransactionImpl.java:177)
	at edu.matc.persistence.StaffDao.addStaff(StaffDao.java:102)
	at edu.matc.controller.AddNewStaff.doPost(AddNewStaff.java:48)
	at javax.servlet.http.HttpServlet.service(HttpServlet.java:648)
	at javax.servlet.http.HttpServlet.service(HttpServlet.java:729)
	at org.apache.catalina.core.ApplicationFilterChain.internalDoFilter(ApplicationFilterChain.java:230)
	at org.apache.catalina.core.ApplicationFilterChain.doFilter(ApplicationFilterChain.java:165)
	at org.apache.tomcat.websocket.server.WsFilter.doFilter(WsFilter.java:52)
	at org.apache.catalina.core.ApplicationFilterChain.internalDoFilter(ApplicationFilterChain.java:192)
	at org.apache.catalina.core.ApplicationFilterChain.doFilter(ApplicationFilterChain.java:165)
	at org.apache.catalina.core.StandardWrapperValve.invoke(StandardWrapperValve.java:198)
	at org.apache.catalina.core.StandardContextValve.invoke(StandardContextValve.java:108)
	at org.apache.tomee.catalina.OpenEJBValve.invoke(OpenEJBValve.java:44)
	at org.apache.catalina.authenticator.AuthenticatorBase.invoke(AuthenticatorBase.java:522)
	at org.apache.catalina.core.StandardHostValve.invoke(StandardHostValve.java:140)
	at org.apache.catalina.valves.ErrorReportValve.invoke(ErrorReportValve.java:79)
	at org.apache.catalina.valves.AbstractAccessLogValve.invoke(AbstractAccessLogValve.java:620)
	at org.apache.catalina.core.StandardEngineValve.invoke(StandardEngineValve.java:87)
	at org.apache.catalina.connector.CoyoteAdapter.service(CoyoteAdapter.java:349)
	at org.apache.coyote.http11.Http11Processor.service(Http11Processor.java:1110)
	at org.apache.coyote.AbstractProcessorLight.process(AbstractProcessorLight.java:66)
	at org.apache.coyote.AbstractProtocol$ConnectionHandler.process(AbstractProtocol.java:785)
	at org.apache.tomcat.util.net.NioEndpoint$SocketProcessor.doRun(NioEndpoint.java:1425)
	at org.apache.tomcat.util.net.SocketProcessorBase.run(SocketProcessorBase.java:52)
	at java.util.concurrent.ThreadPoolExecutor.runWorker(ThreadPoolExecutor.java:1149)
	at java.util.concurrent.ThreadPoolExecutor$Worker.run(ThreadPoolExecutor.java:624)
	at org.apache.tomcat.util.threads.TaskThread$WrappingRunnable.run(TaskThread.java:61)
	at java.lang.Thread.run(Thread.java:748)
Caused by: com.mysql.jdbc.exceptions.jdbc4.MySQLIntegrityConstraintViolationException: Column 'addr_id' cannot be null
	at sun.reflect.NativeConstructorAccessorImpl.newInstance0(Native Method)
	at sun.reflect.NativeConstructorAccessorImpl.newInstance(NativeConstructorAccessorImpl.java:62)
	at sun.reflect.DelegatingConstructorAccessorImpl.newInstance(DelegatingConstructorAccessorImpl.java:45)
	at java.lang.reflect.Constructor.newInstance(Constructor.java:423)
	at com.mysql.jdbc.Util.handleNewInstance(Util.java:404)
	at com.mysql.jdbc.Util.getInstance(Util.java:387)
	at com.mysql.jdbc.SQLError.createSQLException(SQLError.java:934)
	at com.mysql.jdbc.MysqlIO.checkErrorPacket(MysqlIO.java:3966)
	at com.mysql.jdbc.MysqlIO.checkErrorPacket(MysqlIO.java:3902)
	at com.mysql.jdbc.MysqlIO.sendCommand(MysqlIO.java:2526)
	at com.mysql.jdbc.MysqlIO.sqlQueryDirect(MysqlIO.java:2673)
	at com.mysql.jdbc.ConnectionImpl.execSQL(ConnectionImpl.java:2549)
	at com.mysql.jdbc.PreparedStatement.executeInternal(PreparedStatement.java:1861)
	at com.mysql.jdbc.PreparedStatement.executeUpdateInternal(PreparedStatement.java:2073)
	at com.mysql.jdbc.PreparedStatement.executeUpdateInternal(PreparedStatement.java:2009)
	at com.mysql.jdbc.PreparedStatement.executeLargeUpdate(PreparedStatement.java:5098)
	at com.mysql.jdbc.PreparedStatement.executeUpdate(PreparedStatement.java:1994)
	at org.hibernate.engine.jdbc.internal.ResultSetReturnImpl.executeUpdate(ResultSetReturnImpl.java:208)
	... 39 more
2017-11-18 14:05:10,853 0    [http-nio-8080-exec-2] ERROR edu.matc.controller.ClientZipCodeAPI  - Zip code 53712 does not exist
2017-11-18 14:26:12,757 0    [http-nio-8080-exec-7] ERROR edu.matc.controller.ClientZipCodeAPI  - Zip code 53727 does not exist
